  lab 6.cpp
C:\C_labs\lab 6\main.h(3,15): error C4430: отсутствует спецификатор типа - предполагается int. Примечание. C++ не поддерживает int по умолчанию
C:\C_labs\lab 6\main.h(3,8): error C2146: синтаксическая ошибка: отсутствие ";" перед идентификатором "Letters"
C:\C_labs\lab 6\lab 6.cpp(4,8): error C2872: string: неоднозначный символ
C:\C_labs\lab 6\main.h(3,1): message : может быть "int string"
C:\Новая папка\VC\Tools\MSVC\14.27.29110\include\xstring(4564,7): message : или       "std::string"
C:\C_labs\lab 6\lab 6.cpp(4,15): error C4430: отсутствует спецификатор типа - предполагается int. Примечание. C++ не поддерживает int по умолчанию
C:\C_labs\lab 6\lab 6.cpp(4,1): error C2086: int string: переопределение
C:\C_labs\lab 6\main.h(3): message : см. объявление "string"
C:\C_labs\lab 6\lab 6.cpp(4,8): error C2146: синтаксическая ошибка: отсутствие ";" перед идентификатором "Letters"
C:\C_labs\lab 6\lab 6.cpp(5,1): error C2143: синтаксическая ошибка: отсутствие ";" перед "{"
C:\C_labs\lab 6\lab 6.cpp(5,1): error C2447: {: отсутствует заголовок функции (возможно, используется формальный список старого типа)
C:\C_labs\lab 6\lab 6.cpp(97,9): error C2872: string: неоднозначный символ
C:\C_labs\lab 6\main.h(3,1): message : может быть "int string"
C:\Новая папка\VC\Tools\MSVC\14.27.29110\include\xstring(4564,7): message : или       "std::string"
C:\C_labs\lab 6\lab 6.cpp(97,11): error C2872: string: неоднозначный символ
C:\C_labs\lab 6\main.h(3,1): message : может быть "int string"
C:\Новая папка\VC\Tools\MSVC\14.27.29110\include\xstring(4564,7): message : или       "std::string"
C:\C_labs\lab 6\lab 6.cpp(97,9): error C2146: синтаксическая ошибка: отсутствие ";" перед идентификатором "st"
C:\C_labs\lab 6\lab 6.cpp(97,9): error C2065: st: необъявленный идентификатор
C:\C_labs\lab 6\lab 6.cpp(98,9): error C2065: st: необъявленный идентификатор
C:\C_labs\lab 6\lab 6.cpp(99,11): error C2065: st: необъявленный идентификатор
C:\C_labs\lab 6\lab 6.cpp(102,21): error C2065: st: необъявленный идентификатор
C:\C_labs\lab 6\lab 6.cpp(106,21): error C2065: st: необъявленный идентификатор
C:\C_labs\lab 6\lab 6.cpp(106,13): error C3861: Letters: идентификатор не найден
  test.cpp
C:\C_labs\lab 6\main.h(3,15): error C4430: отсутствует спецификатор типа - предполагается int. Примечание. C++ не поддерживает int по умолчанию
C:\C_labs\lab 6\main.h(3,8): error C2146: синтаксическая ошибка: отсутствие ";" перед идентификатором "Letters"
  Создание кода...
